<?xml version="1.0" encoding="UTF-8"?>
<testsuite name="ConnectResponseTest" tests="9" skipped="0" failures="0" errors="0" timestamp="2019-12-03T01:24:25" hostname="ChendeMacBook-Pro.local" time="0.002">
  <properties/>
  <testcase name="testEqualsF" classname="ConnectResponseTest" time="0.0"/>
  <testcase name="testEqualsA" classname="ConnectResponseTest" time="0.0"/>
  <testcase name="testEqualsB" classname="ConnectResponseTest" time="0.0"/>
  <testcase name="testEqualsC" classname="ConnectResponseTest" time="0.0"/>
  <testcase name="testEqualsD" classname="ConnectResponseTest" time="0.0"/>
  <testcase name="testEqualsE" classname="ConnectResponseTest" time="0.0"/>
  <testcase name="testHashCode" classname="ConnectResponseTest" time="0.0"/>
  <testcase name="testToString" classname="ConnectResponseTest" time="0.0"/>
  <testcase name="writeToStream" classname="ConnectResponseTest" time="0.0"/>
  <system-out><![CDATA[]]></system-out>
  <system-err><![CDATA[]]></system-err>
</testsuite>
