<?xml version="1.0" encoding="UTF-8"?>
<testsuite name="SendInsultResponseTest" tests="9" skipped="0" failures="0" errors="0" timestamp="2019-12-03T01:24:25" hostname="ChendeMacBook-Pro.local" time="0.035">
  <properties/>
  <testcase name="createInsult" classname="SendInsultResponseTest" time="0.016"/>
  <testcase name="testEqualsA" classname="SendInsultResponseTest" time="0.005"/>
  <testcase name="testEqualsB" classname="SendInsultResponseTest" time="0.001"/>
  <testcase name="testEqualsC" classname="SendInsultResponseTest" time="0.002"/>
  <testcase name="testEqualsD" classname="SendInsultResponseTest" time="0.002"/>
  <testcase name="testEqualsE" classname="SendInsultResponseTest" time="0.002"/>
  <testcase name="testHashCode" classname="SendInsultResponseTest" time="0.003"/>
  <testcase name="testToString" classname="SendInsultResponseTest" time="0.002"/>
  <testcase name="writeToStream" classname="SendInsultResponseTest" time="0.001"/>
  <system-out><![CDATA[]]></system-out>
  <system-err><![CDATA[]]></system-err>
</testsuite>
