<?xml version="1.0" encoding="UTF-8"?>
<testsuite name="FailedMessageTest" tests="7" skipped="0" failures="0" errors="0" timestamp="2019-12-03T01:24:25" hostname="ChendeMacBook-Pro.local" time="0.004">
  <properties/>
  <testcase name="testEqualsA" classname="FailedMessageTest" time="0.0"/>
  <testcase name="testEqualsB" classname="FailedMessageTest" time="0.0"/>
  <testcase name="testEqualsC" classname="FailedMessageTest" time="0.0"/>
  <testcase name="testEqualsD" classname="FailedMessageTest" time="0.0"/>
  <testcase name="testHashCode" classname="FailedMessageTest" time="0.0"/>
  <testcase name="testToString" classname="FailedMessageTest" time="0.0"/>
  <testcase name="writeToStream" classname="FailedMessageTest" time="0.002"/>
  <system-out><![CDATA[]]></system-out>
  <system-err><![CDATA[]]></system-err>
</testsuite>
