<?xml version="1.0" encoding="UTF-8"?>
<testsuite name="DirectMessageTest" tests="9" skipped="0" failures="0" errors="0" timestamp="2019-12-03T01:24:25" hostname="ChendeMacBook-Pro.local" time="0.004">
  <properties/>
  <testcase name="testEqualsA" classname="DirectMessageTest" time="0.001"/>
  <testcase name="testEqualsB" classname="DirectMessageTest" time="0.0"/>
  <testcase name="testEqualsC" classname="DirectMessageTest" time="0.0"/>
  <testcase name="testEqualsD" classname="DirectMessageTest" time="0.0"/>
  <testcase name="testEqualsE" classname="DirectMessageTest" time="0.0"/>
  <testcase name="testHashCode" classname="DirectMessageTest" time="0.0"/>
  <testcase name="testToString" classname="DirectMessageTest" time="0.0"/>
  <testcase name="testEquals" classname="DirectMessageTest" time="0.0"/>
  <testcase name="writeToStream" classname="DirectMessageTest" time="0.001"/>
  <system-out><![CDATA[]]></system-out>
  <system-err><![CDATA[]]></system-err>
</testsuite>
