<?xml version="1.0" encoding="UTF-8"?>
<testsuite name="DirectMessageTest" tests="13" skipped="0" failures="0" errors="0" timestamp="2019-12-03T01:22:33" hostname="ChendeMacBook-Pro.local" time="0.006">
  <properties/>
  <testcase name="testEquals1" classname="DirectMessageTest" time="0.001"/>
  <testcase name="testEquals2" classname="DirectMessageTest" time="0.0"/>
  <testcase name="testEquals3" classname="DirectMessageTest" time="0.001"/>
  <testcase name="testEquals4" classname="DirectMessageTest" time="0.0"/>
  <testcase name="testEquals5" classname="DirectMessageTest" time="0.0"/>
  <testcase name="testEquals6" classname="DirectMessageTest" time="0.0"/>
  <testcase name="testEquals7" classname="DirectMessageTest" time="0.0"/>
  <testcase name="testEquals8" classname="DirectMessageTest" time="0.0"/>
  <testcase name="testEquals9" classname="DirectMessageTest" time="0.0"/>
  <testcase name="testToString" classname="DirectMessageTest" time="0.0"/>
  <testcase name="writeToStream" classname="DirectMessageTest" time="0.0"/>
  <testcase name="testHashCode" classname="DirectMessageTest" time="0.001"/>
  <testcase name="testEquals" classname="DirectMessageTest" time="0.0"/>
  <system-out><![CDATA[]]></system-out>
  <system-err><![CDATA[]]></system-err>
</testsuite>
