<?xml version="1.0" encoding="UTF-8"?>
<testsuite name="ConnectMessageTest" tests="9" skipped="0" failures="0" errors="0" timestamp="2019-12-03T01:22:33" hostname="ChendeMacBook-Pro.local" time="0.002">
  <properties/>
  <testcase name="testEqualsA" classname="ConnectMessageTest" time="0.0"/>
  <testcase name="testEqualsB" classname="ConnectMessageTest" time="0.0"/>
  <testcase name="testEqualsC" classname="ConnectMessageTest" time="0.001"/>
  <testcase name="testEqualsD" classname="ConnectMessageTest" time="0.0"/>
  <testcase name="testEqualsE" classname="ConnectMessageTest" time="0.0"/>
  <testcase name="testEqualsF" classname="ConnectMessageTest" time="0.0"/>
  <testcase name="testToString" classname="ConnectMessageTest" time="0.001"/>
  <testcase name="writeToStream" classname="ConnectMessageTest" time="0.0"/>
  <testcase name="testHashCode" classname="ConnectMessageTest" time="0.0"/>
  <system-out><![CDATA[]]></system-out>
  <system-err><![CDATA[]]></system-err>
</testsuite>
