<?xml version="1.0" encoding="UTF-8"?>
<testsuite name="ClientDriverTest" tests="1" skipped="0" failures="0" errors="0" timestamp="2019-12-03T01:22:33" hostname="ChendeMacBook-Pro.local" time="0.046">
  <properties/>
  <testcase name="main" classname="ClientDriverTest" time="0.046"/>
  <system-out><![CDATA[]]></system-out>
  <system-err><![CDATA[]]></system-err>
</testsuite>
