<?xml version="1.0" encoding="UTF-8"?>
<testsuite name="DisconnectMessageTest" tests="9" skipped="0" failures="0" errors="0" timestamp="2019-12-03T01:22:33" hostname="ChendeMacBook-Pro.local" time="0.002">
  <properties/>
  <testcase name="testEquals1" classname="DisconnectMessageTest" time="0.0"/>
  <testcase name="testEquals2" classname="DisconnectMessageTest" time="0.0"/>
  <testcase name="testEquals3" classname="DisconnectMessageTest" time="0.0"/>
  <testcase name="testEquals4" classname="DisconnectMessageTest" time="0.0"/>
  <testcase name="testEquals5" classname="DisconnectMessageTest" time="0.0"/>
  <testcase name="testToString" classname="DisconnectMessageTest" time="0.001"/>
  <testcase name="writeToStream" classname="DisconnectMessageTest" time="0.0"/>
  <testcase name="testHashCode" classname="DisconnectMessageTest" time="0.0"/>
  <testcase name="testEquals" classname="DisconnectMessageTest" time="0.0"/>
  <system-out><![CDATA[]]></system-out>
  <system-err><![CDATA[]]></system-err>
</testsuite>
