<?xml version="1.0" encoding="UTF-8"?>
<testsuite name="BroadcastMessageTest" tests="9" skipped="0" failures="0" errors="0" timestamp="2019-12-03T01:22:33" hostname="ChendeMacBook-Pro.local" time="0.003">
  <properties/>
  <testcase name="testEqualsA" classname="BroadcastMessageTest" time="0.001"/>
  <testcase name="testEqualsB" classname="BroadcastMessageTest" time="0.0"/>
  <testcase name="testEqualsC" classname="BroadcastMessageTest" time="0.0"/>
  <testcase name="testEqualsD" classname="BroadcastMessageTest" time="0.0"/>
  <testcase name="testEqualsE" classname="BroadcastMessageTest" time="0.0"/>
  <testcase name="testToString" classname="BroadcastMessageTest" time="0.001"/>
  <testcase name="writeToStream" classname="BroadcastMessageTest" time="0.0"/>
  <testcase name="testHashCode" classname="BroadcastMessageTest" time="0.0"/>
  <testcase name="testEquals" classname="BroadcastMessageTest" time="0.0"/>
  <system-out><![CDATA[]]></system-out>
  <system-err><![CDATA[]]></system-err>
</testsuite>
