<?xml version="1.0" encoding="UTF-8"?>
<testsuite name="SendInsultTest" tests="11" skipped="0" failures="0" errors="0" timestamp="2019-12-03T01:22:33" hostname="ChendeMacBook-Pro.local" time="0.002">
  <properties/>
  <testcase name="testEquals1" classname="SendInsultTest" time="0.0"/>
  <testcase name="testEquals2" classname="SendInsultTest" time="0.0"/>
  <testcase name="testEquals3" classname="SendInsultTest" time="0.001"/>
  <testcase name="testEquals4" classname="SendInsultTest" time="0.0"/>
  <testcase name="testEquals5" classname="SendInsultTest" time="0.0"/>
  <testcase name="testEquals6" classname="SendInsultTest" time="0.0"/>
  <testcase name="testEquals7" classname="SendInsultTest" time="0.0"/>
  <testcase name="testToString" classname="SendInsultTest" time="0.0"/>
  <testcase name="writeToStream" classname="SendInsultTest" time="0.0"/>
  <testcase name="testHashCode" classname="SendInsultTest" time="0.0"/>
  <testcase name="testEquals" classname="SendInsultTest" time="0.0"/>
  <system-out><![CDATA[]]></system-out>
  <system-err><![CDATA[]]></system-err>
</testsuite>
